Performing C SOURCE FILE Test CMAKE_HAVE_LIBC_PTHREAD failed with the following output:
Change Dir: /cvmfs/nica.jinr.ru/spd/gaudi/sampo/build/CMakeFiles/CMakeTmp

Run Build Command(s):/usr/bin/gmake -f Makefile cmTC_3e010/fast && /usr/bin/gmake  -f CMakeFiles/cmTC_3e010.dir/build.make CMakeFiles/cmTC_3e010.dir/build
gmake[1]: Entering directory `/cvmfs/nica.jinr.ru/spd/gaudi/sampo/build/CMakeFiles/CMakeTmp'
Building C object CMakeFiles/cmTC_3e010.dir/src.c.o
/cvmfs/nica.jinr.ru/spd/external/gcc/11.3.0/x86_64-centos7-gcc11-opt/bin/gcc -DCMAKE_HAVE_LIBC_PTHREAD   -o CMakeFiles/cmTC_3e010.dir/src.c.o -c /cvmfs/nica.jinr.ru/spd/gaudi/sampo/build/CMakeFiles/CMakeTmp/src.c
Linking C executable cmTC_3e010
/cvmfs/nica.jinr.ru/spd/external/CMake/3.20.0/x86_64-centos7-gcc11-opt/bin/cmake -E cmake_link_script CMakeFiles/cmTC_3e010.dir/link.txt --verbose=1
/cvmfs/nica.jinr.ru/spd/external/gcc/11.3.0/x86_64-centos7-gcc11-opt/bin/gcc CMakeFiles/cmTC_3e010.dir/src.c.o -o cmTC_3e010 
/cvmfs/nica.jinr.ru/spd/external/binutils/2.37/x86_64-centos7-gcc11-opt/bin/ld: CMakeFiles/cmTC_3e010.dir/src.c.o: in function `main':
src.c:(.text+0x2d): undefined reference to `pthread_create'
/cvmfs/nica.jinr.ru/spd/external/binutils/2.37/x86_64-centos7-gcc11-opt/bin/ld: src.c:(.text+0x39): undefined reference to `pthread_detach'
/cvmfs/nica.jinr.ru/spd/external/binutils/2.37/x86_64-centos7-gcc11-opt/bin/ld: src.c:(.text+0x45): undefined reference to `pthread_cancel'
/cvmfs/nica.jinr.ru/spd/external/binutils/2.37/x86_64-centos7-gcc11-opt/bin/ld: src.c:(.text+0x56): undefined reference to `pthread_join'
/cvmfs/nica.jinr.ru/spd/external/binutils/2.37/x86_64-centos7-gcc11-opt/bin/ld: src.c:(.text+0x6a): undefined reference to `pthread_atfork'
collect2: error: ld returned 1 exit status
gmake[1]: *** [cmTC_3e010] Error 1
gmake[1]: Leaving directory `/cvmfs/nica.jinr.ru/spd/gaudi/sampo/build/CMakeFiles/CMakeTmp'
gmake: *** [cmTC_3e010/fast] Error 2


Source file was:
#include <pthread.h>

static void* test_func(void* data)
{
  return data;
}

int main(void)
{
  pthread_t thread;
  pthread_create(&thread, NULL, test_func, NULL);
  pthread_detach(thread);
  pthread_cancel(thread);
  pthread_join(thread, NULL);
  pthread_atfork(NULL, NULL, NULL);
  pthread_exit(NULL);

  return 0;
}

